{
  "stats": {
    "suites": 1,
    "tests": 4,
    "passes": 0,
    "pending": 0,
    "failures": 4,
    "start": "2024-03-27T21:34:00.755Z",
    "end": "2024-03-27T21:34:02.657Z",
    "duration": 1902,
    "testsRegistered": 4,
    "passPercent": 0,
    "pendingPercent": 0,
    "other": 0,
    "hasOther": false,
    "skipped": 0,
    "hasSkipped": false
  },
  "results": [
    {
      "uuid": "4acdbc73-18f5-4fa2-ba06-47888c857462",
      "title": "",
      "fullFile": "cypress/e2e/loginByEmail.cy.ts",
      "file": "cypress/e2e/loginByEmail.cy.ts",
      "beforeHooks": [],
      "afterHooks": [],
      "tests": [],
      "suites": [
        {
          "uuid": "21eba155-7f22-4d2a-ac58-1e6aa88e06fc",
          "title": "Login By Email",
          "fullFile": "",
          "file": "",
          "beforeHooks": [],
          "afterHooks": [],
          "tests": [
            {
              "title": "Create Security Code",
              "fullTitle": "Login By Email Create Security Code",
              "timedOut": null,
              "duration": 474,
              "state": "failed",
              "speed": null,
              "pass": false,
              "fail": true,
              "pending": false,
              "context": "[\n  {\n    \"title\": \"cypress-mochawesome-reporter-videos-failed\",\n    \"value\": \"cypress/e2e/loginByEmail.cy.ts\"\n  },\n  {\n    \"title\": \"cypress-mochawesome-reporter-screenshots\",\n    \"value\": [\n      [\n        \"/loginByEmail.cy.ts/Login By Email -- Create Security Code (failed).png\"\n      ]\n    ]\n  }\n]",
              "code": "getSecurityCode.createSecurityCode(user);",
              "err": {
                "message": "CypressError: `cy.request()` failed on:\n\nhttps://sandbox-api.endolu.com/api/Auth/sendsecuritycodeaftercheckingmailforlogin\n\nThe response we received from your web server was:\n\n  > 404: Not Found\n\nThis was considered a failure because the status code was not `2xx` or `3xx`.\n\nIf you do not want status codes to cause failures pass the option: `failOnStatusCode: false`\n\n-----------------------------------------------------------\n\nThe request we sent was:\n\nMethod: POST\nURL: https://sandbox-api.endolu.com/api/Auth/sendsecuritycodeaftercheckingmailforlogin\nHeaders: {\n  \"Connection\": \"keep-alive\",\n  \"user-agent\": \"Mozilla/5.0 (Macintosh; Intel Mac OS X 10_15_7) AppleWebKit/537.36 (KHTML, like Gecko) Cypress/13.6.6 Chrome/118.0.5993.159 Electron/27.1.3 Safari/537.36\",\n  \"accept\": \"*/*\",\n  \"accept-encoding\": \"gzip, deflate\",\n  \"content-type\": \"application/json\",\n  \"content-length\": 31\n}\nBody: {\"email\":\"testendolu@mail7.io\"}\n\n-----------------------------------------------------------\n\nThe response we got was:\n\nStatus: 404 - Not Found\nHeaders: {\n  \"server\": \"nginx/1.14.1\",\n  \"date\": \"Wed, 27 Mar 2024 21:34:53 GMT\",\n  \"transfer-encoding\": \"chunked\",\n  \"connection\": \"keep-alive\",\n  \"x-powered-by\": \"ASP.NET\"\n}\n\n\nhttps://on.cypress.io/request",
                "estack": "CypressError: `cy.request()` failed on:\n\nhttps://sandbox-api.endolu.com/api/Auth/sendsecuritycodeaftercheckingmailforlogin\n\nThe response we received from your web server was:\n\n  > 404: Not Found\n\nThis was considered a failure because the status code was not `2xx` or `3xx`.\n\nIf you do not want status codes to cause failures pass the option: `failOnStatusCode: false`\n\n-----------------------------------------------------------\n\nThe request we sent was:\n\nMethod: POST\nURL: https://sandbox-api.endolu.com/api/Auth/sendsecuritycodeaftercheckingmailforlogin\nHeaders: {\n  \"Connection\": \"keep-alive\",\n  \"user-agent\": \"Mozilla/5.0 (Macintosh; Intel Mac OS X 10_15_7) AppleWebKit/537.36 (KHTML, like Gecko) Cypress/13.6.6 Chrome/118.0.5993.159 Electron/27.1.3 Safari/537.36\",\n  \"accept\": \"*/*\",\n  \"accept-encoding\": \"gzip, deflate\",\n  \"content-type\": \"application/json\",\n  \"content-length\": 31\n}\nBody: {\"email\":\"testendolu@mail7.io\"}\n\n-----------------------------------------------------------\n\nThe response we got was:\n\nStatus: 404 - Not Found\nHeaders: {\n  \"server\": \"nginx/1.14.1\",\n  \"date\": \"Wed, 27 Mar 2024 21:34:53 GMT\",\n  \"transfer-encoding\": \"chunked\",\n  \"connection\": \"keep-alive\",\n  \"x-powered-by\": \"ASP.NET\"\n}\n\n\nhttps://on.cypress.io/request\n    at <unknown> (https://sandbox-api.endolu.com/__cypress/runner/cypress_runner.js:133028:72)\n    at tryCatcher (https://sandbox-api.endolu.com/__cypress/runner/cypress_runner.js:1807:23)\n    at Promise._settlePromiseFromHandler (https://sandbox-api.endolu.com/__cypress/runner/cypress_runner.js:1519:31)\n    at Promise._settlePromise (https://sandbox-api.endolu.com/__cypress/runner/cypress_runner.js:1576:18)\n    at Promise._settlePromise0 (https://sandbox-api.endolu.com/__cypress/runner/cypress_runner.js:1621:10)\n    at Promise._settlePromises (https://sandbox-api.endolu.com/__cypress/runner/cypress_runner.js:1701:18)\n    at _drainQueueStep (https://sandbox-api.endolu.com/__cypress/runner/cypress_runner.js:2407:12)\n    at _drainQueue (https://sandbox-api.endolu.com/__cypress/runner/cypress_runner.js:2400:9)\n    at Async._drainQueues (https://sandbox-api.endolu.com/__cypress/runner/cypress_runner.js:2416:5)\n    at Async.drainQueues (https://sandbox-api.endolu.com/__cypress/runner/cypress_runner.js:2286:14)\nFrom Your Spec Code:\n    at GetSecurityCodeByEmailApi.createSecurityCode (webpack://endolucypressts/./cypress/api/login/GetSecurityCodeByEmailApi.ts:7:0)\n    at Context.eval (webpack://endolucypressts/./cypress/e2e/loginByEmail.cy.ts:16:0)",
                "diff": null
              },
              "uuid": "c6149993-6cdf-4833-b5c7-383f65bfe797",
              "parentUUID": "21eba155-7f22-4d2a-ac58-1e6aa88e06fc",
              "isHook": false,
              "skipped": false
            },
            {
              "title": "Get Sent Code To Email",
              "fullTitle": "Login By Email Get Sent Code To Email",
              "timedOut": null,
              "duration": 834,
              "state": "failed",
              "speed": null,
              "pass": false,
              "fail": true,
              "pending": false,
              "context": "[\n  {\n    \"title\": \"cypress-mochawesome-reporter-videos-failed\",\n    \"value\": \"cypress/e2e/loginByEmail.cy.ts\"\n  },\n  {\n    \"title\": \"cypress-mochawesome-reporter-screenshots\",\n    \"value\": [\n      [\n        \"/loginByEmail.cy.ts/Login By Email -- Get Sent Code To Email (failed).png\"\n      ]\n    ]\n  }\n]",
              "code": "getSentCode.getCode(user)\n    .then(function (response) {\n    var inputString = response.body.data[0].mail_source.headers.subject;\n    var regex = /Endolu Giriş Kodu: (\\d+)/;\n    var match = inputString.match(regex);\n    user.setSecurityCode(extractedNumber = match ? match[1] : null);\n    cy.log(extractedNumber);\n});",
              "err": {
                "message": "TypeError: Cannot read properties of undefined (reading 'mail_source')",
                "estack": "TypeError: Cannot read properties of undefined (reading 'mail_source')\n    at Context.eval (webpack://endolucypressts/./cypress/e2e/loginByEmail.cy.ts:21:0)",
                "diff": null
              },
              "uuid": "1951d6e1-daaa-40ff-b262-3444259f4400",
              "parentUUID": "21eba155-7f22-4d2a-ac58-1e6aa88e06fc",
              "isHook": false,
              "skipped": false
            },
            {
              "title": "Create access Token",
              "fullTitle": "Login By Email Create access Token",
              "timedOut": null,
              "duration": 220,
              "state": "failed",
              "speed": null,
              "pass": false,
              "fail": true,
              "pending": false,
              "context": "[\n  {\n    \"title\": \"cypress-mochawesome-reporter-videos-failed\",\n    \"value\": \"cypress/e2e/loginByEmail.cy.ts\"\n  },\n  {\n    \"title\": \"cypress-mochawesome-reporter-screenshots\",\n    \"value\": [\n      [\n        \"/loginByEmail.cy.ts/Login By Email -- Create access Token (failed).png\"\n      ]\n    ]\n  }\n]",
              "code": "loginByEmailApi.createToken(user)\n    .then(function (response) {\n    expect(response.status).to.be.equal(200);\n    user.setToken(response.body.data.token);\n    cy.log(response.body.data.token);\n});",
              "err": {
                "message": "CypressError: `cy.request()` failed on:\n\nhttps://sandbox-api.endolu.com/api/Auth/loginbymail\n\nThe response we received from your web server was:\n\n  > 404: Not Found\n\nThis was considered a failure because the status code was not `2xx` or `3xx`.\n\nIf you do not want status codes to cause failures pass the option: `failOnStatusCode: false`\n\n-----------------------------------------------------------\n\nThe request we sent was:\n\nMethod: POST\nURL: https://sandbox-api.endolu.com/api/Auth/loginbymail\nHeaders: {\n  \"Connection\": \"keep-alive\",\n  \"user-agent\": \"Mozilla/5.0 (Macintosh; Intel Mac OS X 10_15_7) AppleWebKit/537.36 (KHTML, like Gecko) Cypress/13.6.6 Chrome/118.0.5993.159 Electron/27.1.3 Safari/537.36\",\n  \"accept\": \"*/*\",\n  \"accept-encoding\": \"gzip, deflate\",\n  \"content-type\": \"application/json\",\n  \"content-length\": 43\n}\nBody: {\"email\":\"testendolu@mail7.io\",\"test\":true}\n\n-----------------------------------------------------------\n\nThe response we got was:\n\nStatus: 404 - Not Found\nHeaders: {\n  \"server\": \"nginx/1.14.1\",\n  \"date\": \"Wed, 27 Mar 2024 21:34:55 GMT\",\n  \"transfer-encoding\": \"chunked\",\n  \"connection\": \"keep-alive\",\n  \"x-powered-by\": \"ASP.NET\"\n}\n\n\nhttps://on.cypress.io/request",
                "estack": "CypressError: `cy.request()` failed on:\n\nhttps://sandbox-api.endolu.com/api/Auth/loginbymail\n\nThe response we received from your web server was:\n\n  > 404: Not Found\n\nThis was considered a failure because the status code was not `2xx` or `3xx`.\n\nIf you do not want status codes to cause failures pass the option: `failOnStatusCode: false`\n\n-----------------------------------------------------------\n\nThe request we sent was:\n\nMethod: POST\nURL: https://sandbox-api.endolu.com/api/Auth/loginbymail\nHeaders: {\n  \"Connection\": \"keep-alive\",\n  \"user-agent\": \"Mozilla/5.0 (Macintosh; Intel Mac OS X 10_15_7) AppleWebKit/537.36 (KHTML, like Gecko) Cypress/13.6.6 Chrome/118.0.5993.159 Electron/27.1.3 Safari/537.36\",\n  \"accept\": \"*/*\",\n  \"accept-encoding\": \"gzip, deflate\",\n  \"content-type\": \"application/json\",\n  \"content-length\": 43\n}\nBody: {\"email\":\"testendolu@mail7.io\",\"test\":true}\n\n-----------------------------------------------------------\n\nThe response we got was:\n\nStatus: 404 - Not Found\nHeaders: {\n  \"server\": \"nginx/1.14.1\",\n  \"date\": \"Wed, 27 Mar 2024 21:34:55 GMT\",\n  \"transfer-encoding\": \"chunked\",\n  \"connection\": \"keep-alive\",\n  \"x-powered-by\": \"ASP.NET\"\n}\n\n\nhttps://on.cypress.io/request\n    at <unknown> (https://sandbox-api.endolu.com/__cypress/runner/cypress_runner.js:133028:72)\n    at tryCatcher (https://sandbox-api.endolu.com/__cypress/runner/cypress_runner.js:1807:23)\n    at Promise._settlePromiseFromHandler (https://sandbox-api.endolu.com/__cypress/runner/cypress_runner.js:1519:31)\n    at Promise._settlePromise (https://sandbox-api.endolu.com/__cypress/runner/cypress_runner.js:1576:18)\n    at Promise._settlePromise0 (https://sandbox-api.endolu.com/__cypress/runner/cypress_runner.js:1621:10)\n    at Promise._settlePromises (https://sandbox-api.endolu.com/__cypress/runner/cypress_runner.js:1701:18)\n    at _drainQueueStep (https://sandbox-api.endolu.com/__cypress/runner/cypress_runner.js:2407:12)\n    at _drainQueue (https://sandbox-api.endolu.com/__cypress/runner/cypress_runner.js:2400:9)\n    at Async._drainQueues (https://sandbox-api.endolu.com/__cypress/runner/cypress_runner.js:2416:5)\n    at Async.drainQueues (https://sandbox-api.endolu.com/__cypress/runner/cypress_runner.js:2286:14)\nFrom Your Spec Code:\n    at LoginByEmailApi.createToken (webpack://endolucypressts/./cypress/api/login/LoginByEmailApi.ts:7:0)\n    at Context.eval (webpack://endolucypressts/./cypress/e2e/loginByEmail.cy.ts:29:0)",
                "diff": null
              },
              "uuid": "e790ed64-ba21-44b5-868c-650b56f2e53f",
              "parentUUID": "21eba155-7f22-4d2a-ac58-1e6aa88e06fc",
              "isHook": false,
              "skipped": false
            },
            {
              "title": "Register By Email",
              "fullTitle": "Login By Email Register By Email",
              "timedOut": null,
              "duration": 222,
              "state": "failed",
              "speed": null,
              "pass": false,
              "fail": true,
              "pending": false,
              "context": "[\n  {\n    \"title\": \"cypress-mochawesome-reporter-videos-failed\",\n    \"value\": \"cypress/e2e/loginByEmail.cy.ts\"\n  },\n  {\n    \"title\": \"cypress-mochawesome-reporter-screenshots\",\n    \"value\": [\n      [\n        \"/loginByEmail.cy.ts/Login By Email -- Register By Email (failed).png\"\n      ]\n    ]\n  }\n]",
              "code": "registerByEmail.confirmUser(user)\n    .then(function (response) {\n    expect(response.status).to.be.equal(200);\n});",
              "err": {
                "message": "CypressError: `cy.request()` failed on:\n\nhttps://sandbox-api.endolu.com/api/Auth/registerbymail\n\nThe response we received from your web server was:\n\n  > 404: Not Found\n\nThis was considered a failure because the status code was not `2xx` or `3xx`.\n\nIf you do not want status codes to cause failures pass the option: `failOnStatusCode: false`\n\n-----------------------------------------------------------\n\nThe request we sent was:\n\nMethod: POST\nURL: https://sandbox-api.endolu.com/api/Auth/registerbymail\nHeaders: {\n  \"Connection\": \"keep-alive\",\n  \"Authorization\": \"Bearer +undefined\",\n  \"Content-Type\": \"application/json\",\n  \"user-agent\": \"Mozilla/5.0 (Macintosh; Intel Mac OS X 10_15_7) AppleWebKit/537.36 (KHTML, like Gecko) Cypress/13.6.6 Chrome/118.0.5993.159 Electron/27.1.3 Safari/537.36\",\n  \"accept\": \"*/*\",\n  \"accept-encoding\": \"gzip, deflate\",\n  \"content-length\": 135\n}\nBody: {\"email\":\"Howard_Mayer-Osinski65@hotmail.com\",\"username\":\"Bernhard_Christiansen80\",\"firstName\":\"Jarod\",\"lastName\":\"Raynor\",\"test\":true}\n\n-----------------------------------------------------------\n\nThe response we got was:\n\nStatus: 404 - Not Found\nHeaders: {\n  \"server\": \"nginx/1.14.1\",\n  \"date\": \"Wed, 27 Mar 2024 21:34:55 GMT\",\n  \"transfer-encoding\": \"chunked\",\n  \"connection\": \"keep-alive\",\n  \"x-powered-by\": \"ASP.NET\"\n}\n\n\nhttps://on.cypress.io/request",
                "estack": "CypressError: `cy.request()` failed on:\n\nhttps://sandbox-api.endolu.com/api/Auth/registerbymail\n\nThe response we received from your web server was:\n\n  > 404: Not Found\n\nThis was considered a failure because the status code was not `2xx` or `3xx`.\n\nIf you do not want status codes to cause failures pass the option: `failOnStatusCode: false`\n\n-----------------------------------------------------------\n\nThe request we sent was:\n\nMethod: POST\nURL: https://sandbox-api.endolu.com/api/Auth/registerbymail\nHeaders: {\n  \"Connection\": \"keep-alive\",\n  \"Authorization\": \"Bearer +undefined\",\n  \"Content-Type\": \"application/json\",\n  \"user-agent\": \"Mozilla/5.0 (Macintosh; Intel Mac OS X 10_15_7) AppleWebKit/537.36 (KHTML, like Gecko) Cypress/13.6.6 Chrome/118.0.5993.159 Electron/27.1.3 Safari/537.36\",\n  \"accept\": \"*/*\",\n  \"accept-encoding\": \"gzip, deflate\",\n  \"content-length\": 135\n}\nBody: {\"email\":\"Howard_Mayer-Osinski65@hotmail.com\",\"username\":\"Bernhard_Christiansen80\",\"firstName\":\"Jarod\",\"lastName\":\"Raynor\",\"test\":true}\n\n-----------------------------------------------------------\n\nThe response we got was:\n\nStatus: 404 - Not Found\nHeaders: {\n  \"server\": \"nginx/1.14.1\",\n  \"date\": \"Wed, 27 Mar 2024 21:34:55 GMT\",\n  \"transfer-encoding\": \"chunked\",\n  \"connection\": \"keep-alive\",\n  \"x-powered-by\": \"ASP.NET\"\n}\n\n\nhttps://on.cypress.io/request\n    at <unknown> (https://sandbox-api.endolu.com/__cypress/runner/cypress_runner.js:133028:72)\n    at tryCatcher (https://sandbox-api.endolu.com/__cypress/runner/cypress_runner.js:1807:23)\n    at Promise._settlePromiseFromHandler (https://sandbox-api.endolu.com/__cypress/runner/cypress_runner.js:1519:31)\n    at Promise._settlePromise (https://sandbox-api.endolu.com/__cypress/runner/cypress_runner.js:1576:18)\n    at Promise._settlePromise0 (https://sandbox-api.endolu.com/__cypress/runner/cypress_runner.js:1621:10)\n    at Promise._settlePromises (https://sandbox-api.endolu.com/__cypress/runner/cypress_runner.js:1701:18)\n    at _drainQueueStep (https://sandbox-api.endolu.com/__cypress/runner/cypress_runner.js:2407:12)\n    at _drainQueue (https://sandbox-api.endolu.com/__cypress/runner/cypress_runner.js:2400:9)\n    at Async._drainQueues (https://sandbox-api.endolu.com/__cypress/runner/cypress_runner.js:2416:5)\n    at Async.drainQueues (https://sandbox-api.endolu.com/__cypress/runner/cypress_runner.js:2286:14)\nFrom Your Spec Code:\n    at RegisterByEmail.confirmUser (webpack://endolucypressts/./cypress/api/login/RegisterByEmail.ts:8:0)\n    at Context.eval (webpack://endolucypressts/./cypress/e2e/loginByEmail.cy.ts:37:0)",
                "diff": null
              },
              "uuid": "2be1ca57-c711-41d5-88dc-85e611393a48",
              "parentUUID": "21eba155-7f22-4d2a-ac58-1e6aa88e06fc",
              "isHook": false,
              "skipped": false
            }
          ],
          "suites": [],
          "passes": [],
          "failures": [
            "c6149993-6cdf-4833-b5c7-383f65bfe797",
            "1951d6e1-daaa-40ff-b262-3444259f4400",
            "e790ed64-ba21-44b5-868c-650b56f2e53f",
            "2be1ca57-c711-41d5-88dc-85e611393a48"
          ],
          "pending": [],
          "skipped": [],
          "duration": 1750,
          "root": false,
          "rootEmpty": false,
          "_timeout": 2000
        }
      ],
      "passes": [],
      "failures": [],
      "pending": [],
      "skipped": [],
      "duration": 0,
      "root": true,
      "rootEmpty": true,
      "_timeout": 2000
    }
  ],
  "meta": {
    "mocha": {
      "version": "7.0.1"
    },
    "mochawesome": {
      "options": {
        "quiet": false,
        "reportFilename": "mochawesome",
        "saveHtml": false,
        "saveJson": true,
        "consoleReporter": "spec",
        "useInlineDiffs": false,
        "code": true
      },
      "version": "7.1.3"
    },
    "marge": {
      "options": {
        "overwrite": false,
        "html": false,
        "json": true,
        "reportDir": "cypress/reports/html/.jsons"
      },
      "version": "6.2.0"
    }
  }
}