{
  "stats": {
    "suites": 1,
    "tests": 3,
    "passes": 2,
    "pending": 0,
    "failures": 1,
    "start": "2024-03-27T21:33:10.592Z",
    "end": "2024-03-27T21:33:54.056Z",
    "duration": 43464,
    "testsRegistered": 3,
    "passPercent": 66.66666666666666,
    "pendingPercent": 0,
    "other": 0,
    "hasOther": false,
    "skipped": 0,
    "hasSkipped": false
  },
  "results": [
    {
      "uuid": "ea8bb4bb-cdea-49cc-a875-83da6eb27d7d",
      "title": "",
      "fullFile": "cypress/e2e/loginAutomation.cy.ts",
      "file": "cypress/e2e/loginAutomation.cy.ts",
      "beforeHooks": [],
      "afterHooks": [],
      "tests": [],
      "suites": [
        {
          "uuid": "363f5f3f-bae6-4d91-a5bc-d22161ba7d2c",
          "title": "login and exercise",
          "fullFile": "",
          "file": "",
          "beforeHooks": [],
          "afterHooks": [],
          "tests": [
            {
              "title": "ilk ürün Blue Top ı incele ve stok da oldugunu dogrula",
              "fullTitle": "login and exercise ilk ürün Blue Top ı incele ve stok da oldugunu dogrula",
              "timedOut": null,
              "duration": 16317,
              "state": "passed",
              "speed": "slow",
              "pass": true,
              "fail": false,
              "pending": false,
              "context": "{\n  \"title\": \"cypress-mochawesome-reporter-videos-passed\",\n  \"value\": \"cypress/e2e/loginAutomation.cy.ts\"\n}",
              "code": "cy.clickk(selectors_1.products.blueTop);\ncy.visibleByText(input_1.text.inStockText);\ncy.assertUrl('/product_details/1');",
              "err": {},
              "uuid": "05725a06-f9ed-402a-a90d-a72d9561475a",
              "parentUUID": "363f5f3f-bae6-4d91-a5bc-d22161ba7d2c",
              "isHook": false,
              "skipped": false
            },
            {
              "title": "Men Jeans tıkla ve Soft Strecth Jeans ürünün fiyatı 799 doğrula",
              "fullTitle": "login and exercise Men Jeans tıkla ve Soft Strecth Jeans ürünün fiyatı 799 doğrula",
              "timedOut": null,
              "duration": 13562,
              "state": "failed",
              "speed": null,
              "pass": false,
              "fail": true,
              "pending": false,
              "context": "[\n  {\n    \"title\": \"cypress-mochawesome-reporter-videos-failed\",\n    \"value\": \"cypress/e2e/loginAutomation.cy.ts\"\n  },\n  {\n    \"title\": \"cypress-mochawesome-reporter-screenshots\",\n    \"value\": [\n      [\n        \"/loginAutomation.cy.ts/login and exercise -- Men Jeans tıkla ve Soft Strecth Jeans ürünün fiyatı 799 doğrula (failed).png\"\n      ]\n    ]\n  }\n]",
              "code": "cy.clickk(selectors_1.general.men);\ncy.clickk(selectors_1.general.menJeans);\ncy.assertUrl('/category_products/6');\ncy.clickk(selectors_1.products.softStretchJeans);\ncy.checkTextOfTheText(input_1.text.softStretchJeansPrice);",
              "err": {
                "message": "Error: Syntax error, unrecognized expression: Rs. 799",
                "estack": "Error: Syntax error, unrecognized expression: Rs. 799\n    at Sizzle.error (https://automationexercise.com/__cypress/runner/cypress_runner.js:8470:8)\n    at Sizzle.tokenize (https://automationexercise.com/__cypress/runner/cypress_runner.js:9122:11)\n    at Sizzle.select (https://automationexercise.com/__cypress/runner/cypress_runner.js:9549:20)\n    at Function.Sizzle [as find] (https://automationexercise.com/__cypress/runner/cypress_runner.js:7774:9)\n    at jQuery.fn.init.find (https://automationexercise.com/__cypress/runner/cypress_runner.js:9805:11)\n    at new jQuery.fn.init (https://automationexercise.com/__cypress/runner/cypress_runner.js:9920:40)\n    at Object.query (https://automationexercise.com/__cypress/runner/cypress_runner.js:34703:10)\n    at $Cy.$$ (https://automationexercise.com/__cypress/runner/cypress_runner.js:140248:57)\n    at <unknown> (https://automationexercise.com/__cypress/runner/cypress_runner.js:132137:18)\n    at Object.subjectFn (https://automationexercise.com/__cypress/runner/cypress_runner.js:144040:16)\n    at $Cy.verifyUpcomingAssertions (https://automationexercise.com/__cypress/runner/cypress_runner.js:143384:31)\n    at onRetry (https://automationexercise.com/__cypress/runner/cypress_runner.js:144031:15)\n    at retryQuery (https://automationexercise.com/__cypress/runner/cypress_runner.js:144044:10)\n    at <unknown> (https://automationexercise.com/__cypress/runner/cypress_runner.js:144194:17)\n    at tryCatcher (https://automationexercise.com/__cypress/runner/cypress_runner.js:1807:23)\n    at Promise._settlePromiseFromHandler (https://automationexercise.com/__cypress/runner/cypress_runner.js:1519:31)\n    at Promise._settlePromise (https://automationexercise.com/__cypress/runner/cypress_runner.js:1576:18)\n    at Promise._settlePromiseCtx (https://automationexercise.com/__cypress/runner/cypress_runner.js:1613:10)\n    at _drainQueueStep (https://automationexercise.com/__cypress/runner/cypress_runner.js:2411:12)\n    at _drainQueue (https://automationexercise.com/__cypress/runner/cypress_runner.js:2400:9)\n    at Async._drainQueues (https://automationexercise.com/__cypress/runner/cypress_runner.js:2416:5)\n    at Async.drainQueues (https://automationexercise.com/__cypress/runner/cypress_runner.js:2286:14)",
                "diff": null
              },
              "uuid": "bec91c58-7827-4703-85c6-b3b0b073c8c5",
              "parentUUID": "363f5f3f-bae6-4d91-a5bc-d22161ba7d2c",
              "isHook": false,
              "skipped": false
            },
            {
              "title": "Kids Tops&Shirts tıkla ve FrozenTopsForKids ürünün üzerinde bekle ",
              "fullTitle": "login and exercise Kids Tops&Shirts tıkla ve FrozenTopsForKids ürünün üzerinde bekle ",
              "timedOut": null,
              "duration": 11377,
              "state": "passed",
              "speed": "slow",
              "pass": true,
              "fail": false,
              "pending": false,
              "context": "{\n  \"title\": \"cypress-mochawesome-reporter-videos-passed\",\n  \"value\": \"cypress/e2e/loginAutomation.cy.ts\"\n}",
              "code": "cy.clickk(selectors_1.general.kids);\ncy.clickk(selectors_1.general.kidsTopsShirts);\ncy.assertUrl('/category_products/5');\ncy.hoverOver(selectors_1.products.frozenTopsForKids);",
              "err": {},
              "uuid": "6bb93e9e-586a-4a82-b98c-1db205905958",
              "parentUUID": "363f5f3f-bae6-4d91-a5bc-d22161ba7d2c",
              "isHook": false,
              "skipped": false
            }
          ],
          "suites": [],
          "passes": [
            "05725a06-f9ed-402a-a90d-a72d9561475a",
            "6bb93e9e-586a-4a82-b98c-1db205905958"
          ],
          "failures": [
            "bec91c58-7827-4703-85c6-b3b0b073c8c5"
          ],
          "pending": [],
          "skipped": [],
          "duration": 41256,
          "root": false,
          "rootEmpty": false,
          "_timeout": 2000
        }
      ],
      "passes": [],
      "failures": [],
      "pending": [],
      "skipped": [],
      "duration": 0,
      "root": true,
      "rootEmpty": true,
      "_timeout": 2000
    }
  ],
  "meta": {
    "mocha": {
      "version": "7.0.1"
    },
    "mochawesome": {
      "options": {
        "quiet": false,
        "reportFilename": "mochawesome",
        "saveHtml": false,
        "saveJson": true,
        "consoleReporter": "spec",
        "useInlineDiffs": false,
        "code": true
      },
      "version": "7.1.3"
    },
    "marge": {
      "options": {
        "overwrite": false,
        "html": false,
        "json": true,
        "reportDir": "cypress/reports/html/.jsons"
      },
      "version": "6.2.0"
    }
  }
}