{
  "stats": {
    "suites": 1,
    "tests": 3,
    "passes": 2,
    "pending": 0,
    "failures": 1,
    "start": "2024-03-27T21:31:43.044Z",
    "end": "2024-03-27T21:32:13.295Z",
    "duration": 30251,
    "testsRegistered": 3,
    "passPercent": 66.66666666666666,
    "pendingPercent": 0,
    "other": 0,
    "hasOther": false,
    "skipped": 0,
    "hasSkipped": false
  },
  "results": [
    {
      "uuid": "6fbfc77a-d282-482e-85dd-13fb81133c0c",
      "title": "",
      "fullFile": "cypress/e2e/dataDrivenTest2(coklu).cy.ts",
      "file": "cypress/e2e/dataDrivenTest2(coklu).cy.ts",
      "beforeHooks": [],
      "afterHooks": [],
      "tests": [],
      "suites": [
        {
          "uuid": "4497fc34-f13e-47f5-8497-78ac40532d44",
          "title": "Data Driven Test2",
          "fullFile": "",
          "file": "",
          "beforeHooks": [],
          "afterHooks": [],
          "tests": [
            {
              "title": "Data Driven Test2",
              "fullTitle": "Data Driven Test2 Data Driven Test2",
              "timedOut": null,
              "duration": 7637,
              "state": "passed",
              "speed": "medium",
              "pass": true,
              "fail": false,
              "pending": false,
              "context": "{\n  \"title\": \"cypress-mochawesome-reporter-videos-passed\",\n  \"value\": \"cypress/e2e/dataDrivenTest2(coklu).cy.ts\"\n}",
              "code": "cy.visit('https://www.amazon.com');\ncy.get('#twotabsearchtextbox').type(testData.test);\ncy.get('#nav-search-submit-button').click();",
              "err": {},
              "uuid": "1e139ad0-9200-4768-9f2f-7a0b2cd43b84",
              "parentUUID": "4497fc34-f13e-47f5-8497-78ac40532d44",
              "isHook": false,
              "skipped": false
            },
            {
              "title": "Data Driven Test2",
              "fullTitle": "Data Driven Test2 Data Driven Test2",
              "timedOut": null,
              "duration": 12994,
              "state": "passed",
              "speed": "slow",
              "pass": true,
              "fail": false,
              "pending": false,
              "context": "{\n  \"title\": \"cypress-mochawesome-reporter-videos-passed\",\n  \"value\": \"cypress/e2e/dataDrivenTest2(coklu).cy.ts\"\n}",
              "code": "cy.visit('https://www.amazon.com');\ncy.get('#twotabsearchtextbox').type(testData.test);\ncy.get('#nav-search-submit-button').click();",
              "err": {},
              "uuid": "6fb73de3-a88c-4fff-b771-90322a611528",
              "parentUUID": "4497fc34-f13e-47f5-8497-78ac40532d44",
              "isHook": false,
              "skipped": false
            },
            {
              "title": "Data Driven Test2",
              "fullTitle": "Data Driven Test2 Data Driven Test2",
              "timedOut": null,
              "duration": 7512,
              "state": "failed",
              "speed": null,
              "pass": false,
              "fail": true,
              "pending": false,
              "context": "[\n  {\n    \"title\": \"cypress-mochawesome-reporter-videos-failed\",\n    \"value\": \"cypress/e2e/dataDrivenTest2(coklu).cy.ts\"\n  },\n  {\n    \"title\": \"cypress-mochawesome-reporter-screenshots\",\n    \"value\": [\n      [\n        \"/dataDrivenTest2(coklu).cy.ts/Data Driven Test2 -- Data Driven Test2 (failed).png\"\n      ]\n    ]\n  }\n]",
              "code": "cy.visit('https://www.amazon.com');\ncy.get('#twotabsearchtextbox').type(testData.test);\ncy.get('#nav-search-submit-button').click();",
              "err": {
                "message": "AssertionError: Timed out retrying after 4000ms: Expected to find element: `#twotabsearchtextbox`, but never found it.",
                "estack": "AssertionError: Timed out retrying after 4000ms: Expected to find element: `#twotabsearchtextbox`, but never found it.\n    at Context.eval (https://www.amazon.com/__cypress/tests?p=cypress/e2e/dataDrivenTest2coklu.cy.ts:53:16)",
                "diff": null
              },
              "uuid": "bd873ab1-bba9-4fb7-8a85-9c1efa110c31",
              "parentUUID": "4497fc34-f13e-47f5-8497-78ac40532d44",
              "isHook": false,
              "skipped": false
            }
          ],
          "suites": [],
          "passes": [
            "1e139ad0-9200-4768-9f2f-7a0b2cd43b84",
            "6fb73de3-a88c-4fff-b771-90322a611528"
          ],
          "failures": [
            "bd873ab1-bba9-4fb7-8a85-9c1efa110c31"
          ],
          "pending": [],
          "skipped": [],
          "duration": 28143,
          "root": false,
          "rootEmpty": false,
          "_timeout": 2000
        }
      ],
      "passes": [],
      "failures": [],
      "pending": [],
      "skipped": [],
      "duration": 0,
      "root": true,
      "rootEmpty": true,
      "_timeout": 2000
    }
  ],
  "meta": {
    "mocha": {
      "version": "7.0.1"
    },
    "mochawesome": {
      "options": {
        "quiet": false,
        "reportFilename": "mochawesome",
        "saveHtml": false,
        "saveJson": true,
        "consoleReporter": "spec",
        "useInlineDiffs": false,
        "code": true
      },
      "version": "7.1.3"
    },
    "marge": {
      "options": {
        "overwrite": false,
        "html": false,
        "json": true,
        "reportDir": "cypress/reports/html/.jsons"
      },
      "version": "6.2.0"
    }
  }
}