{
  "stats": {
    "suites": 1,
    "tests": 1,
    "passes": 1,
    "pending": 0,
    "failures": 0,
    "start": "2024-03-27T21:31:30.122Z",
    "end": "2024-03-27T21:31:40.638Z",
    "duration": 10516,
    "testsRegistered": 1,
    "passPercent": 100,
    "pendingPercent": 0,
    "other": 0,
    "hasOther": false,
    "skipped": 0,
    "hasSkipped": false
  },
  "results": [
    {
      "uuid": "13d86db7-b658-426c-b18a-7a5830044e64",
      "title": "",
      "fullFile": "cypress/e2e/dataDrivenTest(tekli yöntem2).cy.ts",
      "file": "cypress/e2e/dataDrivenTest(tekli yöntem2).cy.ts",
      "beforeHooks": [],
      "afterHooks": [],
      "tests": [],
      "suites": [
        {
          "uuid": "269c3a4b-4879-43a2-b653-07c184e7ca65",
          "title": "Data Driven Test Tekli Yöntem 2",
          "fullFile": "",
          "file": "",
          "beforeHooks": [],
          "afterHooks": [],
          "tests": [
            {
              "title": "data okuma",
              "fullTitle": "Data Driven Test Tekli Yöntem 2 data okuma",
              "timedOut": null,
              "duration": 8583,
              "state": "passed",
              "speed": "medium",
              "pass": true,
              "fail": false,
              "pending": false,
              "context": "{\n  \"title\": \"cypress-mochawesome-reporter-videos-passed\",\n  \"value\": \"cypress/e2e/dataDrivenTest(tekli yöntem2).cy.ts\"\n}",
              "code": "cy.visit('https://www.amazon.com');\ncy.get('#twotabsearchtextbox').type(this.data.user.val1);\ncy.get('#nav-search-submit-button').click();",
              "err": {},
              "uuid": "fe92f8ff-ea82-4c69-94f1-e06f31dd2740",
              "parentUUID": "269c3a4b-4879-43a2-b653-07c184e7ca65",
              "isHook": false,
              "skipped": false
            }
          ],
          "suites": [],
          "passes": [
            "fe92f8ff-ea82-4c69-94f1-e06f31dd2740"
          ],
          "failures": [],
          "pending": [],
          "skipped": [],
          "duration": 8583,
          "root": false,
          "rootEmpty": false,
          "_timeout": 2000
        }
      ],
      "passes": [],
      "failures": [],
      "pending": [],
      "skipped": [],
      "duration": 0,
      "root": true,
      "rootEmpty": true,
      "_timeout": 2000
    }
  ],
  "meta": {
    "mocha": {
      "version": "7.0.1"
    },
    "mochawesome": {
      "options": {
        "quiet": false,
        "reportFilename": "mochawesome",
        "saveHtml": false,
        "saveJson": true,
        "consoleReporter": "spec",
        "useInlineDiffs": false,
        "code": true
      },
      "version": "7.1.3"
    },
    "marge": {
      "options": {
        "overwrite": false,
        "html": false,
        "json": true,
        "reportDir": "cypress/reports/html/.jsons"
      },
      "version": "6.2.0"
    }
  }
}