{
  "stats": {
    "suites": 1,
    "tests": 1,
    "passes": 1,
    "pending": 0,
    "failures": 0,
    "start": "2023-12-23T13:49:10.407Z",
    "end": "2023-12-23T13:49:15.762Z",
    "duration": 5355,
    "testsRegistered": 1,
    "passPercent": 100,
    "pendingPercent": 0,
    "other": 0,
    "hasOther": false,
    "skipped": 0,
    "hasSkipped": false
  },
  "results": [
    {
      "uuid": "0cc6fa7e-860d-4b4d-baef-786e6b9a2d6a",
      "title": "",
      "fullFile": "cypress/e2e/todo.cy.ts",
      "file": "cypress/e2e/todo.cy.ts",
      "beforeHooks": [],
      "afterHooks": [],
      "tests": [],
      "suites": [
        {
          "uuid": "9b55cc15-2f34-489f-ae96-e5b8df991c51",
          "title": "Todo Register",
          "fullFile": "",
          "file": "",
          "beforeHooks": [],
          "afterHooks": [],
          "tests": [
            {
              "title": "Todo Register Negatif Senario Email",
              "fullTitle": "Todo Register Todo Register Negatif Senario Email",
              "timedOut": null,
              "duration": 2254,
              "state": "passed",
              "speed": "fast",
              "pass": true,
              "fail": false,
              "pending": false,
              "context": "{\n  \"title\": \"cypress-mochawesome-reporter-videos-passed\",\n  \"value\": \"cypress/e2e/todo.cy.ts\"\n}",
              "code": "rgstr.load();\nrgstr.registerNegatifTest(todo, email);\nrgstr.alreadyExistsMessage();",
              "err": {},
              "uuid": "d0ff23a3-b170-4aab-be7b-7a6fc9b57bc0",
              "parentUUID": "9b55cc15-2f34-489f-ae96-e5b8df991c51",
              "isHook": false,
              "skipped": false
            }
          ],
          "suites": [],
          "passes": [
            "d0ff23a3-b170-4aab-be7b-7a6fc9b57bc0"
          ],
          "failures": [],
          "pending": [],
          "skipped": [],
          "duration": 2254,
          "root": false,
          "rootEmpty": false,
          "_timeout": 2000
        }
      ],
      "passes": [],
      "failures": [],
      "pending": [],
      "skipped": [],
      "duration": 0,
      "root": true,
      "rootEmpty": true,
      "_timeout": 2000
    }
  ],
  "meta": {
    "mocha": {
      "version": "7.0.1"
    },
    "mochawesome": {
      "options": {
        "quiet": false,
        "reportFilename": "mochawesome",
        "saveHtml": true,
        "saveJson": true,
        "consoleReporter": "spec",
        "useInlineDiffs": false,
        "code": true
      },
      "version": "7.1.3"
    },
    "marge": {
      "options": null,
      "version": "6.2.0"
    }
  }
}